-------------------
即将更新内容
-------------------
*设置开关date_parameter：默认为0时，对date中包含字段作替换；设置为1时，对date中包含的字段作匹配，仅当字段值等于当前日期时才做替换；
*报错后也新增选项是否打开文件夹
-------------------
2020.07.07更新内容
-------------------
*写入JSON文件后丢失字段问题修复
-------------------
2020.06.17更新内容
-------------------
*支持绝对地址，path中可以设置为用例中的路径
*支持对cqs单客户查询产生的Json文件处理，只修改文件后缀，不做替换
*异常抛出处理
*遍历文件夹下所有文件
-------------------
2020.06.08更新内容
-------------------
*执行完后新增选项，输入y打开文件夹，输入n结束程序
*新增log文件，将执行信息加载到log文件中；
*修复指定路径找不到的报错
*json文件两种格式：一种字典，另一种list，已经支持两种类型的做替换
*position_str如果包含当前日期，是需要做替换的。支持模糊匹配并进行替换；
*修复打包为exe文件后，获取文件当前路径不同的问题
-------------------
2020.06.03版本更新内容
-------------------
*支持根据Setting.conf文件中path字段的值修改文件夹下所有文件相应字段的值；
*支持在date下设置字段控制json文件中要修改的字段，会做匹配，等于当前日期才做替换；
*若Json文件中有些日期字段设置的是当前日期加一天或减一天，支持在[DATA]中添加要修改的字段，并设置值去做替换；
*支持设置parameter，为0时，对于字段本身值就为"-"的情况不做替换；为1时，根据[SYMBOL]中设置的file_path和file_key，将相应的字段替换为"\-"，默认这两个字段的值为0；